15:03:21.054 logback [main] INFO  com.xjyq.XjyqApplication - Starting XjyqApplication on zhangshun with PID 7420 (E:\xjyq\target\classes started by Administrator in E:\xjyq)
15:03:21.059 logback [main] INFO  com.xjyq.XjyqApplication - No active profile set, falling back to default profiles: default
15:03:21.148 logback [main] INFO  o.s.b.w.s.c.AnnotationConfigServletWebServerApplicationContext - Refreshing org.springframework.boot.web.servlet.context.AnnotationConfigServletWebServerApplicationContext@5bf0fe62: startup date [Thu May 17 15:03:21 CST 2018]; root of context hierarchy
15:03:21.350 logback [main] INFO  o.s.c.a.ConfigurationClassParser - Properties location [application-dev.yml] not resolvable: class path resource [application-dev.yml] cannot be opened because it does not exist
15:03:21.979 logback [main] INFO  o.s.c.s.PostProcessorRegistrationDelegate$BeanPostProcessorChecker - Bean 'druidDataSourceConfig' of type [com.xjyq.config.DruidDataSourceConfig$$EnhancerBySpringCGLIB$$f9c667c8] is not eligible for getting processed by all BeanPostProcessors (for example: not eligible for auto-proxying)
15:03:22.048 logback [main] INFO  o.s.c.s.PostProcessorRegistrationDelegate$BeanPostProcessorChecker - Bean 'org.springframework.amqp.rabbit.annotation.RabbitBootstrapConfiguration' of type [org.springframework.amqp.rabbit.annotation.RabbitBootstrapConfiguration$$EnhancerBySpringCGLIB$$d159ffd] is not eligible for getting processed by all BeanPostProcessors (for example: not eligible for auto-proxying)
15:03:22.480 logback [main] INFO  o.s.b.w.e.tomcat.TomcatWebServer - Tomcat initialized with port(s): 8088 (http)
15:03:22.491 logback [main] INFO  o.a.coyote.http11.Http11NioProtocol - Initializing ProtocolHandler ["http-nio-8088"]
15:03:22.500 logback [main] INFO  o.a.catalina.core.StandardService - Starting service [Tomcat]
15:03:22.500 logback [main] INFO  o.a.catalina.core.StandardEngine - Starting Servlet Engine: Apache Tomcat/8.5.29
15:03:22.504 logback [localhost-startStop-1] INFO  o.a.c.core.AprLifecycleListener - Loaded APR based Apache Tomcat Native library [1.2.16] using APR version [1.6.3].
15:03:22.504 logback [localhost-startStop-1] INFO  o.a.c.core.AprLifecycleListener - APR capabilities: IPv6 [true], sendfile [true], accept filters [false], random [true].
15:03:22.505 logback [localhost-startStop-1] INFO  o.a.c.core.AprLifecycleListener - APR/OpenSSL configuration: useAprConnector [false], useOpenSSL [true]
15:03:23.537 logback [localhost-startStop-1] INFO  o.a.c.core.AprLifecycleListener - OpenSSL successfully initialized [OpenSSL 1.0.2m  2 Nov 2017]
15:03:23.611 logback [localhost-startStop-1] INFO  o.a.c.c.C.[Tomcat].[localhost].[/] - Initializing Spring embedded WebApplicationContext
15:03:23.612 logback [localhost-startStop-1] INFO  o.s.web.context.ContextLoader - Root WebApplicationContext: initialization completed in 2464 ms
15:03:23.850 logback [localhost-startStop-1] INFO  o.s.b.w.s.ServletRegistrationBean - Servlet statViewServlet mapped to [/druid/*]
15:03:23.851 logback [localhost-startStop-1] INFO  o.s.b.w.s.ServletRegistrationBean - Servlet dispatcherServlet mapped to [/]
15:03:23.854 logback [localhost-startStop-1] INFO  o.s.b.w.s.FilterRegistrationBean - Mapping filter: 'characterEncodingFilter' to: [/*]
15:03:23.854 logback [localhost-startStop-1] INFO  o.s.b.w.s.FilterRegistrationBean - Mapping filter: 'hiddenHttpMethodFilter' to: [/*]
15:03:23.855 logback [localhost-startStop-1] INFO  o.s.b.w.s.FilterRegistrationBean - Mapping filter: 'httpPutFormContentFilter' to: [/*]
15:03:23.855 logback [localhost-startStop-1] INFO  o.s.b.w.s.FilterRegistrationBean - Mapping filter: 'requestContextFilter' to: [/*]
15:03:23.855 logback [localhost-startStop-1] INFO  o.s.b.w.s.FilterRegistrationBean - Mapping filter: 'webStatFilter' to urls: [/*]
15:03:24.489 logback [main] INFO  o.s.s.c.ThreadPoolTaskExecutor - Initializing ExecutorService 
15:03:24.498 logback [main] INFO  o.s.s.c.ThreadPoolTaskExecutor - Initializing ExecutorService  'myExecutor'
15:03:24.735 logback [main] INFO  o.s.w.s.h.SimpleUrlHandlerMapping - Mapped URL path [/**/favicon.ico] onto handler of type [class org.springframework.web.servlet.resource.ResourceHttpRequestHandler]
15:03:24.874 logback [main] INFO  o.s.w.s.m.m.a.RequestMappingHandlerAdapter - Looking for @ControllerAdvice: org.springframework.boot.web.servlet.context.AnnotationConfigServletWebServerApplicationContext@5bf0fe62: startup date [Thu May 17 15:03:21 CST 2018]; root of context hierarchy
15:03:24.944 logback [main] INFO  o.s.w.s.m.m.a.RequestMappingHandlerMapping - Mapped "{[/user/find]}" onto public com.xjyq.common.JsonResponse com.xjyq.controller.UserController.fid()
15:03:24.948 logback [main] INFO  o.s.w.s.m.m.a.RequestMappingHandlerMapping - Mapped "{[/error]}" onto public org.springframework.http.ResponseEntity<java.util.Map<java.lang.String, java.lang.Object>> org.springframework.boot.autoconfigure.web.servlet.error.BasicErrorController.error(javax.servlet.http.HttpServletRequest)
15:03:24.949 logback [main] INFO  o.s.w.s.m.m.a.RequestMappingHandlerMapping - Mapped "{[/error],produces=[text/html]}" onto public org.springframework.web.servlet.ModelAndView org.springframework.boot.autoconfigure.web.servlet.error.BasicErrorController.errorHtml(javax.servlet.http.HttpServletRequest,javax.servlet.http.HttpServletResponse)
15:03:25.038 logback [main] INFO  o.s.w.s.h.SimpleUrlHandlerMapping - Mapped URL path [/webjars/**] onto handler of type [class org.springframework.web.servlet.resource.ResourceHttpRequestHandler]
15:03:25.038 logback [main] INFO  o.s.w.s.h.SimpleUrlHandlerMapping - Mapped URL path [/**] onto handler of type [class org.springframework.web.servlet.resource.ResourceHttpRequestHandler]
15:03:25.109 logback [main] WARN  o.s.b.a.t.ThymeleafAutoConfiguration$DefaultTemplateResolverConfiguration - Cannot find template location: classpath:/templates/ (please add some templates or check your Thymeleaf configuration)
15:03:25.655 logback [main] INFO  o.s.j.e.a.AnnotationMBeanExporter - Registering beans for JMX exposure on startup
15:03:25.656 logback [main] INFO  o.s.j.e.a.AnnotationMBeanExporter - Bean with name 'dataSource' has been autodetected for JMX exposure
15:03:25.662 logback [main] INFO  o.s.j.e.a.AnnotationMBeanExporter - Bean with name 'connectionFactory' has been autodetected for JMX exposure
15:03:25.665 logback [main] INFO  o.s.j.e.a.AnnotationMBeanExporter - Located managed bean 'connectionFactory': registering with JMX server as MBean [org.springframework.amqp.rabbit.connection:name=connectionFactory,type=CachingConnectionFactory]
15:03:25.682 logback [main] INFO  o.s.j.e.a.AnnotationMBeanExporter - Located MBean 'dataSource': registering with JMX server as MBean [com.alibaba.druid.pool:name=dataSource,type=DruidDataSource]
15:03:25.687 logback [main] INFO  o.s.c.s.DefaultLifecycleProcessor - Starting beans in phase 2147483647
15:03:25.694 logback [main] INFO  o.s.s.a.ScheduledAnnotationBeanPostProcessor - No TaskScheduler/ScheduledExecutorService bean found for scheduled processing
15:03:25.700 logback [main] INFO  o.a.coyote.http11.Http11NioProtocol - Starting ProtocolHandler ["http-nio-8088"]
15:03:25.710 logback [main] INFO  o.a.tomcat.util.net.NioSelectorPool - Using a shared selector for servlet write/read
15:03:25.725 logback [main] INFO  o.s.b.w.e.tomcat.TomcatWebServer - Tomcat started on port(s): 8088 (http) with context path ''
15:03:25.729 logback [main] INFO  com.xjyq.XjyqApplication - Started XjyqApplication in 5.336 seconds (JVM running for 6.274)
15:03:25.733 logback [main] INFO  com.xjyq.XjyqApplication - =======================项目启动成功！=============================
15:03:30.001 logback [pool-5-thread-1] INFO  com.xjyq.task.TestTask - ============Task 任务测试=======================
15:03:30.001 logback [pool-5-thread-1] ERROR com.xjyq.task.TestTask - ============Task 任务测试=======================
15:03:30.001 logback [pool-5-thread-1] WARN  com.xjyq.task.TestTask - ============Task 任务测试=======================
15:03:35.001 logback [pool-5-thread-1] INFO  com.xjyq.task.TestTask - ============Task 任务测试=======================
15:03:35.001 logback [pool-5-thread-1] ERROR com.xjyq.task.TestTask - ============Task 任务测试=======================
15:03:35.001 logback [pool-5-thread-1] WARN  com.xjyq.task.TestTask - ============Task 任务测试=======================
15:03:40.001 logback [pool-5-thread-1] INFO  com.xjyq.task.TestTask - ============Task 任务测试=======================
15:03:40.001 logback [pool-5-thread-1] ERROR com.xjyq.task.TestTask - ============Task 任务测试=======================
15:03:40.001 logback [pool-5-thread-1] WARN  com.xjyq.task.TestTask - ============Task 任务测试=======================
