15:22:49.508 logback [main] ERROR o.s.boot.SpringApplication - Application run failed
java.lang.IllegalStateException: Logback configuration error detected: 
ERROR in ch.qos.logback.core.joran.spi.Interpreter@5:22 - no applicable action for [contextName], current ElementPath  is [[configuration][property][contextName]]
	at org.springframework.boot.logging.logback.LogbackLoggingSystem.loadConfiguration(LogbackLoggingSystem.java:166)
	at org.springframework.boot.logging.AbstractLoggingSystem.initializeWithConventions(AbstractLoggingSystem.java:82)
	at org.springframework.boot.logging.AbstractLoggingSystem.initialize(AbstractLoggingSystem.java:60)
	at org.springframework.boot.logging.logback.LogbackLoggingSystem.initialize(LogbackLoggingSystem.java:114)
	at org.springframework.boot.context.logging.LoggingApplicationListener.initializeSystem(LoggingApplicationListener.java:264)
	at org.springframework.boot.context.logging.LoggingApplicationListener.initialize(LoggingApplicationListener.java:237)
	at org.springframework.boot.context.logging.LoggingApplicationListener.onApplicationEnvironmentPreparedEvent(LoggingApplicationListener.java:200)
	at org.springframework.boot.context.logging.LoggingApplicationListener.onApplicationEvent(LoggingApplicationListener.java:173)
	at org.springframework.context.event.SimpleApplicationEventMulticaster.doInvokeListener(SimpleApplicationEventMulticaster.java:172)
	at org.springframework.context.event.SimpleApplicationEventMulticaster.invokeListener(SimpleApplicationEventMulticaster.java:165)
	at org.springframework.context.event.SimpleApplicationEventMulticaster.multicastEvent(SimpleApplicationEventMulticaster.java:139)
	at org.springframework.context.event.SimpleApplicationEventMulticaster.multicastEvent(SimpleApplicationEventMulticaster.java:127)
	at org.springframework.boot.context.event.EventPublishingRunListener.environmentPrepared(EventPublishingRunListener.java:74)
	at org.springframework.boot.SpringApplicationRunListeners.environmentPrepared(SpringApplicationRunListeners.java:54)
	at org.springframework.boot.SpringApplication.prepareEnvironment(SpringApplication.java:358)
	at org.springframework.boot.SpringApplication.run(SpringApplication.java:317)
	at org.springframework.boot.SpringApplication.run(SpringApplication.java:1255)
	at org.springframework.boot.SpringApplication.run(SpringApplication.java:1243)
	at com.xjyq.XjyqApplication.main(XjyqApplication.java:20)
15:23:18.330 logback [main] INFO  com.xjyq.XjyqApplication - Starting XjyqApplication on zhangshun with PID 4556 (E:\xjyq\target\classes started by Administrator in E:\xjyq)
15:23:18.333 logback [main] INFO  com.xjyq.XjyqApplication - No active profile set, falling back to default profiles: default
15:23:18.384 logback [main] INFO  o.s.b.w.s.c.AnnotationConfigServletWebServerApplicationContext - Refreshing org.springframework.boot.web.servlet.context.AnnotationConfigServletWebServerApplicationContext@340da44c: startup date [Thu May 17 15:23:18 CST 2018]; root of context hierarchy
15:23:18.497 logback [main] INFO  o.s.c.a.ConfigurationClassParser - Properties location [application-dev.yml] not resolvable: class path resource [application-dev.yml] cannot be opened because it does not exist
15:23:19.051 logback [main] INFO  o.s.c.s.PostProcessorRegistrationDelegate$BeanPostProcessorChecker - Bean 'druidDataSourceConfig' of type [com.xjyq.config.DruidDataSourceConfig$$EnhancerBySpringCGLIB$$ab4df2de] is not eligible for getting processed by all BeanPostProcessors (for example: not eligible for auto-proxying)
15:23:19.123 logback [main] INFO  o.s.c.s.PostProcessorRegistrationDelegate$BeanPostProcessorChecker - Bean 'org.springframework.amqp.rabbit.annotation.RabbitBootstrapConfiguration' of type [org.springframework.amqp.rabbit.annotation.RabbitBootstrapConfiguration$$EnhancerBySpringCGLIB$$be9d2b13] is not eligible for getting processed by all BeanPostProcessors (for example: not eligible for auto-proxying)
15:23:19.491 logback [main] INFO  o.s.b.w.e.tomcat.TomcatWebServer - Tomcat initialized with port(s): 8088 (http)
15:23:19.500 logback [main] INFO  o.a.coyote.http11.Http11NioProtocol - Initializing ProtocolHandler ["http-nio-8088"]
15:23:19.508 logback [main] INFO  o.a.catalina.core.StandardService - Starting service [Tomcat]
15:23:19.508 logback [main] INFO  o.a.catalina.core.StandardEngine - Starting Servlet Engine: Apache Tomcat/8.5.29
15:23:19.512 logback [localhost-startStop-1] INFO  o.a.c.core.AprLifecycleListener - Loaded APR based Apache Tomcat Native library [1.2.16] using APR version [1.6.3].
15:23:19.512 logback [localhost-startStop-1] INFO  o.a.c.core.AprLifecycleListener - APR capabilities: IPv6 [true], sendfile [true], accept filters [false], random [true].
15:23:19.512 logback [localhost-startStop-1] INFO  o.a.c.core.AprLifecycleListener - APR/OpenSSL configuration: useAprConnector [false], useOpenSSL [true]
15:23:20.534 logback [localhost-startStop-1] INFO  o.a.c.core.AprLifecycleListener - OpenSSL successfully initialized [OpenSSL 1.0.2m  2 Nov 2017]
15:23:20.620 logback [localhost-startStop-1] INFO  o.a.c.c.C.[Tomcat].[localhost].[/] - Initializing Spring embedded WebApplicationContext
15:23:20.620 logback [localhost-startStop-1] INFO  o.s.web.context.ContextLoader - Root WebApplicationContext: initialization completed in 2236 ms
15:23:20.820 logback [localhost-startStop-1] INFO  o.s.b.w.s.ServletRegistrationBean - Servlet statViewServlet mapped to [/druid/*]
15:23:20.821 logback [localhost-startStop-1] INFO  o.s.b.w.s.ServletRegistrationBean - Servlet dispatcherServlet mapped to [/]
15:23:20.824 logback [localhost-startStop-1] INFO  o.s.b.w.s.FilterRegistrationBean - Mapping filter: 'characterEncodingFilter' to: [/*]
15:23:20.824 logback [localhost-startStop-1] INFO  o.s.b.w.s.FilterRegistrationBean - Mapping filter: 'hiddenHttpMethodFilter' to: [/*]
15:23:20.824 logback [localhost-startStop-1] INFO  o.s.b.w.s.FilterRegistrationBean - Mapping filter: 'httpPutFormContentFilter' to: [/*]
15:23:20.824 logback [localhost-startStop-1] INFO  o.s.b.w.s.FilterRegistrationBean - Mapping filter: 'requestContextFilter' to: [/*]
15:23:20.825 logback [localhost-startStop-1] INFO  o.s.b.w.s.FilterRegistrationBean - Mapping filter: 'webStatFilter' to urls: [/*]
15:23:21.415 logback [main] INFO  o.s.s.c.ThreadPoolTaskExecutor - Initializing ExecutorService 
15:23:21.421 logback [main] INFO  o.s.s.c.ThreadPoolTaskExecutor - Initializing ExecutorService  'myExecutor'
15:23:21.652 logback [main] INFO  o.s.w.s.h.SimpleUrlHandlerMapping - Mapped URL path [/**/favicon.ico] onto handler of type [class org.springframework.web.servlet.resource.ResourceHttpRequestHandler]
15:23:21.783 logback [main] INFO  o.s.w.s.m.m.a.RequestMappingHandlerAdapter - Looking for @ControllerAdvice: org.springframework.boot.web.servlet.context.AnnotationConfigServletWebServerApplicationContext@340da44c: startup date [Thu May 17 15:23:18 CST 2018]; root of context hierarchy
15:23:21.851 logback [main] INFO  o.s.w.s.m.m.a.RequestMappingHandlerMapping - Mapped "{[/user/find]}" onto public com.xjyq.common.JsonResponse com.xjyq.controller.UserController.fid()
15:23:21.855 logback [main] INFO  o.s.w.s.m.m.a.RequestMappingHandlerMapping - Mapped "{[/error]}" onto public org.springframework.http.ResponseEntity<java.util.Map<java.lang.String, java.lang.Object>> org.springframework.boot.autoconfigure.web.servlet.error.BasicErrorController.error(javax.servlet.http.HttpServletRequest)
15:23:21.856 logback [main] INFO  o.s.w.s.m.m.a.RequestMappingHandlerMapping - Mapped "{[/error],produces=[text/html]}" onto public org.springframework.web.servlet.ModelAndView org.springframework.boot.autoconfigure.web.servlet.error.BasicErrorController.errorHtml(javax.servlet.http.HttpServletRequest,javax.servlet.http.HttpServletResponse)
15:23:21.933 logback [main] INFO  o.s.w.s.h.SimpleUrlHandlerMapping - Mapped URL path [/webjars/**] onto handler of type [class org.springframework.web.servlet.resource.ResourceHttpRequestHandler]
15:23:21.933 logback [main] INFO  o.s.w.s.h.SimpleUrlHandlerMapping - Mapped URL path [/**] onto handler of type [class org.springframework.web.servlet.resource.ResourceHttpRequestHandler]
15:23:21.996 logback [main] WARN  o.s.b.a.t.ThymeleafAutoConfiguration$DefaultTemplateResolverConfiguration - Cannot find template location: classpath:/templates/ (please add some templates or check your Thymeleaf configuration)
15:23:22.442 logback [main] INFO  o.s.j.e.a.AnnotationMBeanExporter - Registering beans for JMX exposure on startup
15:23:22.443 logback [main] INFO  o.s.j.e.a.AnnotationMBeanExporter - Bean with name 'dataSource' has been autodetected for JMX exposure
15:23:22.449 logback [main] INFO  o.s.j.e.a.AnnotationMBeanExporter - Bean with name 'connectionFactory' has been autodetected for JMX exposure
15:23:22.452 logback [main] INFO  o.s.j.e.a.AnnotationMBeanExporter - Located managed bean 'connectionFactory': registering with JMX server as MBean [org.springframework.amqp.rabbit.connection:name=connectionFactory,type=CachingConnectionFactory]
15:23:22.467 logback [main] INFO  o.s.j.e.a.AnnotationMBeanExporter - Located MBean 'dataSource': registering with JMX server as MBean [com.alibaba.druid.pool:name=dataSource,type=DruidDataSource]
15:23:22.472 logback [main] INFO  o.s.c.s.DefaultLifecycleProcessor - Starting beans in phase 2147483647
15:23:22.479 logback [main] INFO  o.s.s.a.ScheduledAnnotationBeanPostProcessor - No TaskScheduler/ScheduledExecutorService bean found for scheduled processing
15:23:22.485 logback [main] INFO  o.a.coyote.http11.Http11NioProtocol - Starting ProtocolHandler ["http-nio-8088"]
15:23:22.492 logback [main] INFO  o.a.tomcat.util.net.NioSelectorPool - Using a shared selector for servlet write/read
15:23:22.508 logback [main] INFO  o.s.b.w.e.tomcat.TomcatWebServer - Tomcat started on port(s): 8088 (http) with context path ''
15:23:22.515 logback [main] INFO  com.xjyq.XjyqApplication - Started XjyqApplication in 5.142 seconds (JVM running for 6.012)
15:23:22.519 logback [main] INFO  com.xjyq.XjyqApplication - =======================项目启动成功！=============================
15:23:25.001 logback [pool-5-thread-1] INFO  com.xjyq.task.TestTask - ============Task 任务测试=======================
15:23:25.001 logback [pool-5-thread-1] ERROR com.xjyq.task.TestTask - ============Task 任务测试=======================
15:23:25.001 logback [pool-5-thread-1] WARN  com.xjyq.task.TestTask - ============Task 任务测试=======================
15:23:30.001 logback [pool-5-thread-1] INFO  com.xjyq.task.TestTask - ============Task 任务测试=======================
15:23:30.001 logback [pool-5-thread-1] ERROR com.xjyq.task.TestTask - ============Task 任务测试=======================
15:23:30.001 logback [pool-5-thread-1] WARN  com.xjyq.task.TestTask - ============Task 任务测试=======================
15:23:35.001 logback [pool-5-thread-1] INFO  com.xjyq.task.TestTask - ============Task 任务测试=======================
15:23:35.001 logback [pool-5-thread-1] ERROR com.xjyq.task.TestTask - ============Task 任务测试=======================
15:23:35.001 logback [pool-5-thread-1] WARN  com.xjyq.task.TestTask - ============Task 任务测试=======================
15:23:40.001 logback [pool-5-thread-1] INFO  com.xjyq.task.TestTask - ============Task 任务测试=======================
15:23:40.001 logback [pool-5-thread-1] ERROR com.xjyq.task.TestTask - ============Task 任务测试=======================
15:23:40.001 logback [pool-5-thread-1] WARN  com.xjyq.task.TestTask - ============Task 任务测试=======================
15:23:45.001 logback [pool-5-thread-1] INFO  com.xjyq.task.TestTask - ============Task 任务测试=======================
15:23:45.001 logback [pool-5-thread-1] ERROR com.xjyq.task.TestTask - ============Task 任务测试=======================
15:23:45.001 logback [pool-5-thread-1] WARN  com.xjyq.task.TestTask - ============Task 任务测试=======================
15:23:50.001 logback [pool-5-thread-1] INFO  com.xjyq.task.TestTask - ============Task 任务测试=======================
15:23:50.001 logback [pool-5-thread-1] ERROR com.xjyq.task.TestTask - ============Task 任务测试=======================
15:23:50.001 logback [pool-5-thread-1] WARN  com.xjyq.task.TestTask - ============Task 任务测试=======================
15:23:55.001 logback [pool-5-thread-1] INFO  com.xjyq.task.TestTask - ============Task 任务测试=======================
15:23:55.001 logback [pool-5-thread-1] ERROR com.xjyq.task.TestTask - ============Task 任务测试=======================
15:23:55.001 logback [pool-5-thread-1] WARN  com.xjyq.task.TestTask - ============Task 任务测试=======================
15:24:00.001 logback [pool-5-thread-1] INFO  com.xjyq.task.TestTask - ============Task 任务测试=======================
15:24:00.001 logback [pool-5-thread-1] ERROR com.xjyq.task.TestTask - ============Task 任务测试=======================
15:24:00.001 logback [pool-5-thread-1] WARN  com.xjyq.task.TestTask - ============Task 任务测试=======================
15:24:05.001 logback [pool-5-thread-1] INFO  com.xjyq.task.TestTask - ============Task 任务测试=======================
15:24:05.001 logback [pool-5-thread-1] ERROR com.xjyq.task.TestTask - ============Task 任务测试=======================
15:24:05.001 logback [pool-5-thread-1] WARN  com.xjyq.task.TestTask - ============Task 任务测试=======================
15:24:10.001 logback [pool-5-thread-1] INFO  com.xjyq.task.TestTask - ============Task 任务测试=======================
15:24:10.001 logback [pool-5-thread-1] ERROR com.xjyq.task.TestTask - ============Task 任务测试=======================
15:24:10.001 logback [pool-5-thread-1] WARN  com.xjyq.task.TestTask - ============Task 任务测试=======================
15:24:15.001 logback [pool-5-thread-1] INFO  com.xjyq.task.TestTask - ============Task 任务测试=======================
15:24:15.001 logback [pool-5-thread-1] ERROR com.xjyq.task.TestTask - ============Task 任务测试=======================
15:24:15.001 logback [pool-5-thread-1] WARN  com.xjyq.task.TestTask - ============Task 任务测试=======================
15:24:20.001 logback [pool-5-thread-1] INFO  com.xjyq.task.TestTask - ============Task 任务测试=======================
15:24:20.001 logback [pool-5-thread-1] ERROR com.xjyq.task.TestTask - ============Task 任务测试=======================
15:24:20.001 logback [pool-5-thread-1] WARN  com.xjyq.task.TestTask - ============Task 任务测试=======================
15:24:25.001 logback [pool-5-thread-1] INFO  com.xjyq.task.TestTask - ============Task 任务测试=======================
15:24:25.001 logback [pool-5-thread-1] ERROR com.xjyq.task.TestTask - ============Task 任务测试=======================
15:24:25.001 logback [pool-5-thread-1] WARN  com.xjyq.task.TestTask - ============Task 任务测试=======================
15:24:30.002 logback [pool-5-thread-1] INFO  com.xjyq.task.TestTask - ============Task 任务测试=======================
15:24:30.002 logback [pool-5-thread-1] ERROR com.xjyq.task.TestTask - ============Task 任务测试=======================
15:24:30.002 logback [pool-5-thread-1] WARN  com.xjyq.task.TestTask - ============Task 任务测试=======================
15:24:35.002 logback [pool-5-thread-1] INFO  com.xjyq.task.TestTask - ============Task 任务测试=======================
15:24:35.002 logback [pool-5-thread-1] ERROR com.xjyq.task.TestTask - ============Task 任务测试=======================
15:24:35.002 logback [pool-5-thread-1] WARN  com.xjyq.task.TestTask - ============Task 任务测试=======================
15:24:40.002 logback [pool-5-thread-1] INFO  com.xjyq.task.TestTask - ============Task 任务测试=======================
15:24:40.002 logback [pool-5-thread-1] ERROR com.xjyq.task.TestTask - ============Task 任务测试=======================
15:24:40.002 logback [pool-5-thread-1] WARN  com.xjyq.task.TestTask - ============Task 任务测试=======================
15:24:45.001 logback [pool-5-thread-1] INFO  com.xjyq.task.TestTask - ============Task 任务测试=======================
15:24:45.001 logback [pool-5-thread-1] ERROR com.xjyq.task.TestTask - ============Task 任务测试=======================
15:24:45.001 logback [pool-5-thread-1] WARN  com.xjyq.task.TestTask - ============Task 任务测试=======================
